0 info it worked if it ends with ok
1 verbose cli [ '/usr/bin/node', '/usr/bin/npm', 'run', 'start_remote_test' ]
2 info using npm@3.5.2
3 info using node@v8.10.0
4 verbose run-script [ 'prestart_remote_test',
4 verbose run-script   'start_remote_test',
4 verbose run-script   'poststart_remote_test' ]
5 info lifecycle mumlers_app_p2p@1.0.0~prestart_remote_test: mumlers_app_p2p@1.0.0
6 silly lifecycle mumlers_app_p2p@1.0.0~prestart_remote_test: no script for prestart_remote_test, continuing
7 info lifecycle mumlers_app_p2p@1.0.0~start_remote_test: mumlers_app_p2p@1.0.0
8 verbose lifecycle mumlers_app_p2p@1.0.0~start_remote_test: unsafe-perm in lifecycle true
9 verbose lifecycle mumlers_app_p2p@1.0.0~start_remote_test: PATH: /usr/share/npm/bin/node-gyp-bin:/home/mumler/mumlers_room_simplepeer/node_modules/.bin:/usr/local/sbin:/usr/local/bin:/usr/sbin:/usr/bin:/sbin:/bin:/usr/games:/usr/local/games:/snap/bin
10 verbose lifecycle mumlers_app_p2p@1.0.0~start_remote_test: CWD: /home/mumler/mumlers_room_simplepeer
11 silly lifecycle mumlers_app_p2p@1.0.0~start_remote_test: Args: [ '-c',
11 silly lifecycle   'browserify index.js -o ./public/bundle.js & node app_test' ]
12 silly lifecycle mumlers_app_p2p@1.0.0~start_remote_test: Returned: code: 1  signal: null
13 info lifecycle mumlers_app_p2p@1.0.0~start_remote_test: Failed to exec start_remote_test script
14 verbose stack Error: mumlers_app_p2p@1.0.0 start_remote_test: `browserify index.js -o ./public/bundle.js & node app_test`
14 verbose stack Exit status 1
14 verbose stack     at EventEmitter.<anonymous> (/usr/share/npm/lib/utils/lifecycle.js:232:16)
14 verbose stack     at emitTwo (events.js:126:13)
14 verbose stack     at EventEmitter.emit (events.js:214:7)
14 verbose stack     at ChildProcess.<anonymous> (/usr/share/npm/lib/utils/spawn.js:24:14)
14 verbose stack     at emitTwo (events.js:126:13)
14 verbose stack     at ChildProcess.emit (events.js:214:7)
14 verbose stack     at maybeClose (internal/child_process.js:925:16)
14 verbose stack     at Process.ChildProcess._handle.onexit (internal/child_process.js:209:5)
15 verbose pkgid mumlers_app_p2p@1.0.0
16 verbose cwd /home/mumler/mumlers_room_simplepeer
17 error Linux 4.15.0-112-generic
18 error argv "/usr/bin/node" "/usr/bin/npm" "run" "start_remote_test"
19 error node v8.10.0
20 error npm  v3.5.2
21 error code ELIFECYCLE
22 error mumlers_app_p2p@1.0.0 start_remote_test: `browserify index.js -o ./public/bundle.js & node app_test`
22 error Exit status 1
23 error Failed at the mumlers_app_p2p@1.0.0 start_remote_test script 'browserify index.js -o ./public/bundle.js & node app_test'.
23 error Make sure you have the latest version of node.js and npm installed.
23 error If you do, this is most likely a problem with the mumlers_app_p2p package,
23 error not with npm itself.
23 error Tell the author that this fails on your system:
23 error     browserify index.js -o ./public/bundle.js & node app_test
23 error You can get information on how to open an issue for this project with:
23 error     npm bugs mumlers_app_p2p
23 error Or if that isn't available, you can get their info via:
23 error     npm owner ls mumlers_app_p2p
23 error There is likely additional logging output above.
24 verbose exit [ 1, true ]
